<?xml version="1.0" encoding="UTF-8"?>
<!-- Generated by org.testng.reporters.JUnitReportReporter -->
<testsuite hostname="AKHIL" failures="0" tests="1" name="RMITestScript.Test1" time="25.422" errors="0" timestamp="2023-06-08T12:55:58 IST" skipped="0">
  <testcase classname="RMITestScript.Test1" name="loginPage" time="25.422"/>
  <system-out>
    <![CDATA[Path is valid
Path is valid]]>
  </system-out>
</testsuite> <!-- RMITestScript.Test1 -->
