<?xml version="1.0" encoding="UTF-8"?>
<!-- Generated by org.testng.reporters.JUnitReportReporter -->
<testsuite hostname="SakshiBhavsar" failures="0" tests="1" name="RMITestScript.Test1" time="0.014" errors="0" timestamp="2023-06-05T16:11:21 IST" skipped="0">
  <testcase classname="RMITestScript.Test1" name="loginPage" time="0.014"/>
  <system-out/>
</testsuite> <!-- RMITestScript.Test1 -->
